生成启动时间为 2016/5/29 11:42:07。
     1>项目“E:\mycode\MFC\com-tool\com-tool\com-tool.vcxproj”在节点 2 上(build 个目标)。
     1>InitializeBuildStatus:
         正在创建“Debug\com-tool.unsuccessfulbuild”，因为已指定“AlwaysCreate”。
       ClCompile:
         所有输出均为最新。
         C:\Program Files (x86)\Microsoft Visual Studio 10.0\VC\bin\CL.exe /c /ZI /nologo /W3 /WX- /Od /Oy- /D WIN32 /D _WINDOWS /D _DEBUG /D _UNICODE /D UNICODE /D _AFXDLL /Gm /EHsc /RTC1 /MDd /GS /fp:precise /Zc:wchar_t /Zc:forScope /Yu"StdAfx.h" /Fp"Debug\com-tool.pch" /Fo"Debug\\" /Fd"Debug\vc100.pdb" /Gd /TP /analyze- /errorReport:prompt "com-toolDlg.cpp"
         com-toolDlg.cpp
       ResourceCompile:
         所有输出均为最新。
       ManifestResourceCompile:
         所有输出均为最新。
       Link:
         C:\Program Files (x86)\Microsoft Visual Studio 10.0\VC\bin\link.exe /ERRORREPORT:PROMPT /OUT:"E:\mycode\MFC\com-tool\Debug\com-tool.exe" /INCREMENTAL /NOLOGO /MANIFEST /ManifestFile:"Debug\com-tool.exe.intermediate.manifest" /MANIFESTUAC:"level='asInvoker' uiAccess='false'" /DEBUG /PDB:"E:\mycode\MFC\com-tool\Debug\com-tool.pdb" /SUBSYSTEM:WINDOWS /TLBID:1 /ENTRY:"wWinMainCRTStartup" /DYNAMICBASE /NXCOMPAT /IMPLIB:"E:\mycode\MFC\com-tool\Debug\com-tool.lib" /MACHINE:X86 "Debug\com-tool.res"
         "Debug\com-tool.exe.embed.manifest.res"
         "Debug\com-tool.obj"
         "Debug\com-toolDlg.obj"
         Debug\mscomm1.obj
         Debug\stdafx.obj
       Manifest:
         C:\Program Files (x86)\Microsoft SDKs\Windows\v7.0A\bin\mt.exe /nologo /verbose /out:"Debug\com-tool.exe.embed.manifest" /manifest "Debug\com-tool.exe.intermediate.manifest" "C:\Program Files (x86)\Microsoft Visual Studio 10.0\VC\Include\Manifest\dpiaware.manifest"
         所有输出均为最新。
       LinkEmbedManifest:
         所有输出均为最新。
         com-tool.vcxproj -> E:\mycode\MFC\com-tool\Debug\com-tool.exe
       FinalizeBuildStatus:
         正在删除文件“Debug\com-tool.unsuccessfulbuild”。
         正在对“Debug\com-tool.lastbuildstate”执行 Touch 任务。
     1>已完成生成项目“E:\mycode\MFC\com-tool\com-tool\com-tool.vcxproj”(build 个目标)的操作。

生成成功。

已用时间 00:00:00.41
